<?xml version="1.0" encoding="UTF-8"?>
<!-- Generated by org.testng.reporters.JUnitReportReporter -->
<testsuite skipped="21" hostname="C02V61KUHTD8" name="com.mch.qa.TestCases.LandingPageTestCases" tests="22" failures="0" timestamp="2021-10-14T20:43:10 IST" time="0.004" errors="1">
  <testcase name="setup" time="0.004" classname="com.mch.qa.TestCases.LandingPageTestCases">
    <error type="java.lang.NullPointerException">
      <![CDATA[java.lang.NullPointerException
at com.mch.qa.base.TestBase.initialization(TestBase.java:43)
at com.mch.qa.TestCases.LandingPageTestCases.setup(LandingPageTestCases.java:22)
at sun.reflect.NativeMethodAccessorImpl.invoke0(Native Method)
at sun.reflect.NativeMethodAccessorImpl.invoke(NativeMethodAccessorImpl.java:62)
at sun.reflect.DelegatingMethodAccessorImpl.invoke(DelegatingMethodAccessorImpl.java:43)
at java.lang.reflect.Method.invoke(Method.java:498)
at org.testng.internal.MethodInvocationHelper.invokeMethod(MethodInvocationHelper.java:133)
at org.testng.internal.MethodInvocationHelper.invokeMethodConsideringTimeout(MethodInvocationHelper.java:62)
at org.testng.internal.ConfigInvoker.invokeConfigurationMethod(ConfigInvoker.java:385)
at org.testng.internal.ConfigInvoker.invokeConfigurations(ConfigInvoker.java:321)
at org.testng.internal.TestInvoker.runConfigMethods(TestInvoker.java:700)
at org.testng.internal.TestInvoker.invokeMethod(TestInvoker.java:527)
at org.testng.internal.TestInvoker.invokeTestMethod(TestInvoker.java:173)
at org.testng.internal.MethodRunner.runInSequence(MethodRunner.java:46)
at org.testng.internal.TestInvoker$MethodInvocationAgent.invoke(TestInvoker.java:824)
at org.testng.internal.TestInvoker.invokeTestMethods(TestInvoker.java:146)
at org.testng.internal.TestMethodWorker.invokeTestMethods(TestMethodWorker.java:146)
at org.testng.internal.TestMethodWorker.run(TestMethodWorker.java:128)
at java.util.ArrayList.forEach(ArrayList.java:1259)
at org.testng.TestRunner.privateRun(TestRunner.java:794)
at org.testng.TestRunner.run(TestRunner.java:596)
at org.testng.SuiteRunner.runTest(SuiteRunner.java:377)
at org.testng.SuiteRunner.runSequentially(SuiteRunner.java:371)
at org.testng.SuiteRunner.privateRun(SuiteRunner.java:332)
at org.testng.SuiteRunner.run(SuiteRunner.java:276)
at org.testng.SuiteRunnerWorker.runSuite(SuiteRunnerWorker.java:53)
at org.testng.SuiteRunnerWorker.run(SuiteRunnerWorker.java:96)
at org.testng.TestNG.runSuitesSequentially(TestNG.java:1212)
at org.testng.TestNG.runSuitesLocally(TestNG.java:1134)
at org.testng.TestNG.runSuites(TestNG.java:1063)
at org.testng.TestNG.run(TestNG.java:1031)
at org.testng.remote.AbstractRemoteTestNG.run(AbstractRemoteTestNG.java:115)
at org.testng.remote.RemoteTestNG.initAndRun(RemoteTestNG.java:251)
at org.testng.remote.RemoteTestNG.main(RemoteTestNG.java:77)
]]>
    </error>
  </testcase> <!-- setup -->
  <system-out/>
  <testcase name="TitleValidationTest" time="0.000" classname="com.mch.qa.TestCases.LandingPageTestCases">
    <skipped/>
  </testcase> <!-- TitleValidationTest -->
  <system-out/>
  <testcase name="AppLinkIsDisplayed" time="0.000" classname="com.mch.qa.TestCases.LandingPageTestCases">
    <skipped/>
  </testcase> <!-- AppLinkIsDisplayed -->
  <system-out/>
  <testcase name="logolinkDisplayed" time="0.000" classname="com.mch.qa.TestCases.LandingPageTestCases">
    <skipped/>
  </testcase> <!-- logolinkDisplayed -->
  <system-out/>
  <testcase name="WhatsnewLinkIsDisplayed" time="0.000" classname="com.mch.qa.TestCases.LandingPageTestCases">
    <skipped/>
  </testcase> <!-- WhatsnewLinkIsDisplayed -->
  <system-out/>
  <testcase name="CreateAccountLinkIsDisplayed" time="0.000" classname="com.mch.qa.TestCases.LandingPageTestCases">
    <skipped/>
  </testcase> <!-- CreateAccountLinkIsDisplayed -->
  <system-out/>
  <testcase name="TermsOfLinkIsDisplayed" time="0.000" classname="com.mch.qa.TestCases.LandingPageTestCases">
    <skipped/>
  </testcase> <!-- TermsOfLinkIsDisplayed -->
  <system-out/>
  <testcase name="InstaLinkIsDisplayed" time="0.000" classname="com.mch.qa.TestCases.LandingPageTestCases">
    <skipped/>
  </testcase> <!-- InstaLinkIsDisplayed -->
  <system-out/>
  <testcase name="PrivacyLinkIsDisplayed" time="0.000" classname="com.mch.qa.TestCases.LandingPageTestCases">
    <skipped/>
  </testcase> <!-- PrivacyLinkIsDisplayed -->
  <system-out/>
  <testcase name="FBLinkIsDisplayed" time="0.000" classname="com.mch.qa.TestCases.LandingPageTestCases">
    <skipped/>
  </testcase> <!-- FBLinkIsDisplayed -->
  <system-out/>
  <testcase name="SupportLinkIsDisplayed" time="0.000" classname="com.mch.qa.TestCases.LandingPageTestCases">
    <skipped/>
  </testcase> <!-- SupportLinkIsDisplayed -->
  <system-out/>
  <testcase name="SignInLinkIsDisplayed" time="0.000" classname="com.mch.qa.TestCases.LandingPageTestCases">
    <skipped/>
  </testcase> <!-- SignInLinkIsDisplayed -->
  <system-out/>
  <testcase name="LearnMoreLinkIsDisplayed" time="0.000" classname="com.mch.qa.TestCases.LandingPageTestCases">
    <skipped/>
  </testcase> <!-- LearnMoreLinkIsDisplayed -->
  <system-out/>
  <testcase name="AppLinksLinkURLValidation" time="0.000" classname="com.mch.qa.TestCases.LandingPageTestCases">
    <skipped/>
  </testcase> <!-- AppLinksLinkURLValidation -->
  <system-out/>
  <testcase name="WhatsNewLinkURLValidation" time="0.000" classname="com.mch.qa.TestCases.LandingPageTestCases">
    <skipped/>
  </testcase> <!-- WhatsNewLinkURLValidation -->
  <system-out/>
  <testcase name="HelpLinkURLValidation" time="0.000" classname="com.mch.qa.TestCases.LandingPageTestCases">
    <skipped/>
  </testcase> <!-- HelpLinkURLValidation -->
  <system-out/>
  <testcase name="LearnMoreLinksURLValidation" time="0.000" classname="com.mch.qa.TestCases.LandingPageTestCases">
    <skipped/>
  </testcase> <!-- LearnMoreLinksURLValidation -->
  <system-out/>
  <testcase name="PrivacyLinksURLValidation" time="0.000" classname="com.mch.qa.TestCases.LandingPageTestCases">
    <skipped/>
  </testcase> <!-- PrivacyLinksURLValidation -->
  <system-out/>
  <testcase name="TermLinksURLValidation" time="0.000" classname="com.mch.qa.TestCases.LandingPageTestCases">
    <skipped/>
  </testcase> <!-- TermLinksURLValidation -->
  <system-out/>
  <testcase name="SupportLinksURLValidation" time="0.000" classname="com.mch.qa.TestCases.LandingPageTestCases">
    <skipped/>
  </testcase> <!-- SupportLinksURLValidation -->
  <system-out/>
  <testcase name="FBLinksURLValidation" time="0.000" classname="com.mch.qa.TestCases.LandingPageTestCases">
    <skipped/>
  </testcase> <!-- FBLinksURLValidation -->
  <system-out/>
  <testcase name="InstaLinksURLValidation" time="0.000" classname="com.mch.qa.TestCases.LandingPageTestCases">
    <skipped/>
  </testcase> <!-- InstaLinksURLValidation -->
  <system-out/>
</testsuite> <!-- com.mch.qa.TestCases.LandingPageTestCases -->
