<?xml version="1.0" encoding="UTF-8"?>
<!-- Generated by org.testng.reporters.JUnitReportReporter -->
<testsuite skipped="0" hostname="C02V61KUHTD8" name="com.mch.qa.TestCases.loginPageTestCases" tests="1" failures="0" timestamp="2021-10-20T12:12:45 IST" time="17.202" errors="0">
  <testcase name="LoginTest" time="17.202" classname="com.mch.qa.TestCases.loginPageTestCases"/>
  <system-out/>
</testsuite> <!-- com.mch.qa.TestCases.loginPageTestCases -->
