<?xml version="1.0" encoding="UTF-8"?>
<!-- Generated by org.testng.reporters.JUnitReportReporter -->
<testsuite skipped="0" hostname="C02V61KUHTD8" name="com.mch.qa.TestCases.loginPageTestCases" tests="1" failures="0" timestamp="2021-10-12T13:43:59 IST" time="21.050" errors="0">
  <testcase name="LoginTest" time="21.050" classname="com.mch.qa.TestCases.loginPageTestCases"/>
  <system-out/>
</testsuite> <!-- com.mch.qa.TestCases.loginPageTestCases -->
