<?xml version="1.0" encoding="UTF-8"?>
<!-- Generated by org.testng.reporters.JUnitReportReporter -->
<testsuite skipped="0" hostname="C02V61KUHTD8" name="com.mch.qa.TestCases.FilesandFoldersPageTestCases" tests="1" failures="0" timestamp="2021-10-20T12:50:29 IST" time="26.463" errors="0">
  <testcase name="Create_Folder_and_Su_Folders_KAM_35904_Test" time="26.463" classname="com.mch.qa.TestCases.FilesandFoldersPageTestCases"/>
  <system-out/>
</testsuite> <!-- com.mch.qa.TestCases.FilesandFoldersPageTestCases -->
